1503679145715	geckodriver	INFO	geckodriver 0.18.0
1503679145725	geckodriver	INFO	Listening on 127.0.0.1:50468
1503679146378	geckodriver::marionette	INFO	Starting browser C:\Program Files (x86)\Mozilla Firefox\firefox.exe with args ["-marionette"]
1504009057745	geckodriver	INFO	geckodriver 0.18.0
1504009057754	geckodriver	INFO	Listening on 127.0.0.1:49837
1504009058135	geckodriver::marionette	INFO	Starting browser C:\Program Files (x86)\Mozilla Firefox\firefox.exe with args ["-marionette"]
1504009060068	Marionette	INFO	Listening on port 49841
1504009060325	Marionette	WARN	TLS certificate errors will be ignored for this session
*************************
A coding exception was thrown and uncaught in a Task.

Full message: TypeError: NetworkError when attempting to fetch resource.
Full stack: 
*************************
[Child 5280] WARNING: pipe error: 109: file c:/builds/moz2_slave/m-esr52-w32-000000000000000000/build/src/ipc/chromium/src/chrome/common/ipc_channel_win.cc, line 345
er C:\Program Files (x86)\Mozilla Firefox\firefox.exe with args ["-marionette"]
1504009785706	Marionette	INFO	Listening on port 49921
1504009786083	Marionette	WARN	TLS certificate errors will be ignored for this session
1504009840191	geckodriver	INFO	geckodriver 0.18.0
1504009840200	geckodriver	INFO	Listening on 127.0.0.1:49959
1504009840693	geckodriver::marionette	INFO	Starting browser C:\Program Files (x86)\Mozilla Firefox\firefox.exe with args ["-marionette"]
1504009845823	Marionette	INFO	Listening on port 49963
1504009846145	Marionette	WARN	TLS certificate errors will be ignored for this session
[Child 6796] WARNING: pipe error: 109: file c:/builds/moz2_slave/m-esr52-w32-000000000000000000/build/src/ipc/chromium/src/chrome/common/ipc_channel_win.cc, line 345
[Child 6796] WARNING: pipe error: 109: file c:/builds/moz2_slave/m-esr52-w32-000000000000000000/build/src/ipc/chromium/src/chrome/common/ipc_channel_win.cc, line 345
1504009930531	geckodriver	INFO	geckodriver 0.18.0
1504009930539	geckodriver	INFO	Listening on 127.0.0.1:50009
1504009931083	geckodriver::marionette	INFO	Starting browser C:\Program Files (x86)\Mozilla Firefox\firefox.exe with args ["-marionette"]
1504009932439	Marionette	INFO	Listening on port 50013
1504009932749	Marionette	WARN	TLS certificate errors will be ignored for this session
[Child 4840] WARNING: pipe error: 109: file c:/builds/moz2_slave/m-esr52-w32-000000000000000000/build/src/ipc/chromium/src/chrome/common/ipc_channel_win.cc, line 345
[Child 4840] WARNING: pipe error: 109: file c:/builds/moz2_slave/m-esr52-w32-000000000000000000/build/src/ipc/chromium/src/chrome/common/ipc_channel_win.cc, line 345
1504010112531	geckodriver	INFO	geckodriver 0.18.0
1504010112540	geckodriver	INFO	Listening on 127.0.0.1:50090
1504010113069	geckodriver::marionette	INFO	Starting browser C:\Program Files (x86)\Mozilla Firefox\firefox.exe with args ["-marionette"]
1504010114439	Marionette	INFO	Listening on port 50094
1504010114723	Marionette	WARN	TLS certificate errors will be ignored for this session
[Child 4568] WARNING: pipe error: 109: file c:/builds/moz2_slave/m-esr52-w32-000000000000000000/build/src/ipc/chromium/src/chrome/common/ipc_channel_win.cc, line 345
[Child 4568] WARNING: pipe error: 109: file c:/builds/moz2_slave/m-esr52-w32-000000000000000000/build/src/ipc/chromium/src/chrome/common/ipc_channel_win.cc, line 345
1504012161732	geckodriver	INFO	geckodriver 0.18.0
1504012161741	geckodriver	INFO	Listening on 127.0.0.1:49574
1504012162172	geckodriver::marionette	INFO	Starting browser C:\Program Files (x86)\Mozilla Firefox\firefox.exe with args ["-marionette"]
1504012163486	Marionette	INFO	Listening on port 49578
1504012163829	Marionette	WARN	TLS certificate errors will be ignored for this session
1504012225165	geckodriver	INFO	geckodriver 0.18.0
1504012225174	geckodriver	INFO	Listening on 127.0.0.1:49616
1504012225705	geckodriver::marionette	INFO	Starting browser C:\Program Files (x86)\Mozilla Firefox\firefox.exe with args ["-marionette"]
1504012227042	Marionette	INFO	Listening on port 49620
1504012227379	Marionette	WARN	TLS certificate errors will be ignored for this session
1504012476538	geckodriver	INFO	geckodriver 0.18.0
1504012476548	geckodriver	INFO	Listening on 127.0.0.1:49698
1504012477094	geckodriver::marionette	INFO	Starting browser C:\Program Files (x86)\Mozilla Firefox\firefox.exe with args ["-marionette"]
1504012478436	Marionette	INFO	Listening on port 49702
1504012478747	Marionette	WARN	TLS certificate errors will be ignored for this session
[Child 5212] WARNING: pipe error: 109: file c:/builds/moz2_slave/m-esr52-w32-000000000000000000/build/src/ipc/chromium/src/chrome/common/ipc_channel_win.cc, line 345
1504012824195	geckodriver	INFO	geckodriver 0.18.0
1504012824204	geckodriver	INFO	Listening on 127.0.0.1:49782
1504012824763	geckodriver::marionette	INFO	Starting browser C:\Program Files (x86)\Mozilla Firefox\firefox.exe with args ["-marionette"]
1504012826136	Marionette	INFO	Listening on port 49786
1504012826425	Marionette	WARN	TLS certificate errors will be ignored for this session
[Child 4296] ###!!! ABORT: Aborting on channel error.: file c:/builds/moz2_slave/m-esr52-w32-000000000000000000/build/src/ipc/glue/MessageChannel.cpp, line 2152
1504012920142	geckodriver	INFO	geckodriver 0.18.0
1504012920151	geckodriver	INFO	Listening on 127.0.0.1:49858
1504012920730	geckodriver::marionette	INFO	Starting browser C:\Program Files (x86)\Mozilla Firefox\firefox.exe with args ["-marionette"]
1504012921995	Marionette	INFO	Listening on port 49862
1504012922384	Marionette	WARN	TLS certificate errors will be ignored for this session
[Child 4996] ###!!! ABORT: Aborting on channel error.: file c:/builds/moz2_slave/m-esr52-w32-000000000000000000/build/src/ipc/glue/MessageChannel.cpp, line 2152
1504013028784	geckodriver	INFO	geckodriver 0.18.0
1504013028793	geckodriver	INFO	Listening on 127.0.0.1:49941
1504013029317	geckodriver::marionette	INFO	Starting browser C:\Program Files (x86)\Mozilla Firefox\firefox.exe with args ["-marionette"]
1504013030604	Marionette	INFO	Listening on port 49945
1504013030974	Marionette	WARN	TLS certificate errors will be ignored for this session
[Child 2728] ###!!! ABORT: Aborting on channel error.: file c:/builds/moz2_slave/m-esr52-w32-000000000000000000/build/src/ipc/glue/MessageChannel.cpp, line 2152
1504013123004	geckodriver	INFO	geckodriver 0.18.0
1504013123013	geckodriver	INFO	Listening on 127.0.0.1:50017
1504013123547	geckodriver::marionette	INFO	Starting browser C:\Program Files (x86)\Mozilla Firefox\firefox.exe with args ["-marionette"]
1504013124817	Marionette	INFO	Listening on port 50021
1504013125181	Marionette	WARN	TLS certificate errors will be ignored for this session
[Child 4648] ###!!! ABORT: Aborting on channel error.: file c:/builds/moz2_slave/m-esr52-w32-000000000000000000/build/src/ipc/glue/MessageChannel.cpp, line 2152
1504013269021	geckodriver	INFO	geckodriver 0.18.0
1504013269031	geckodriver	INFO	Listening on 127.0.0.1:50100
1504013269607	geckodriver::marionette	INFO	Starting browser C:\Program Files (x86)\Mozilla Firefox\firefox.exe with args ["-marionette"]
1504013270930	Marionette	INFO	Listening on port 50104
1504013271264	Marionette	WARN	TLS certificate errors will be ignored for this session
[Child 3280] ###!!! ABORT: Aborting on channel error.: file c:/builds/moz2_slave/m-esr52-w32-000000000000000000/build/src/ipc/glue/MessageChannel.cpp, line 2152
1504013531389	geckodriver	INFO	geckodriver 0.18.0
1504013531399	geckodriver	INFO	Listening on 127.0.0.1:50185
1504013531923	geckodriver::marionette	INFO	Starting browser C:\Program Files (x86)\Mozilla Firefox\firefox.exe with args ["-marionette"]
1504013533271	Marionette	INFO	Listening on port 50189
1504013533599	Marionette	WARN	TLS certificate errors will be ignored for this session
[Child 2656] ###!!! ABORT: Aborting on channel error.: file c:/builds/moz2_slave/m-esr52-w32-000000000000000000/build/src/ipc/glue/MessageChannel.cpp, line 2152
1504013923722	geckodriver	INFO	geckodriver 0.18.0
1504013923731	geckodriver	INFO	Listening on 127.0.0.1:50287
1504013924259	geckodriver::marionette	INFO	Starting browser C:\Program Files (x86)\Mozilla Firefox\firefox.exe with args ["-marionette"]
1504013925745	Marionette	INFO	Listening on port 50291
1504013925932	Marionette	WARN	TLS certificate errors will be ignored for this session
[Child 3232] ###!!! ABORT: Aborting on channel error.: file c:/builds/moz2_slave/m-esr52-w32-000000000000000000/build/src/ipc/glue/MessageChannel.cpp, line 2152
1504014386440	geckodriver	INFO	geckodriver 0.18.0
1504014386449	geckodriver	INFO	Listening on 127.0.0.1:50439
1504014386951	geckodriver::marionette	INFO	Starting browser C:\Program Files (x86)\Mozilla Firefox\firefox.exe with args ["-marionette"]
1504014388305	Marionette	INFO	Listening on port 50443
1504014388615	Marionette	WARN	TLS certificate errors will be ignored for this session
[Child 5952] ###!!! ABORT: Aborting on channel error.: file c:/builds/moz2_slave/m-esr52-w32-000000000000000000/build/src/ipc/glue/MessageChannel.cpp, line 2152
1504014489097	geckodriver	INFO	geckodriver 0.18.0
1504014489106	geckodriver	INFO	Listening on 127.0.0.1:50583
1504014489670	geckodriver::marionette	INFO	Starting browser C:\Program Files (x86)\Mozilla Firefox\firefox.exe with args ["-marionette"]
1504014490965	Marionette	INFO	Listening on port 50587
1504014491309	Marionette	WARN	TLS certificate errors will be ignored for this session
[Child 4912] ###!!! ABORT: Aborting on channel error.: file c:/builds/moz2_slave/m-esr52-w32-000000000000000000/build/src/ipc/glue/MessageChannel.cpp, line 2152
1504021472669	geckodriver	INFO	geckodriver 0.18.0
1504021472679	geckodriver	INFO	Listening on 127.0.0.1:51761
1504021473233	geckodriver::marionette	INFO	Starting browser C:\Program Files (x86)\Mozilla Firefox\firefox.exe with args ["-marionette"]
1504021474569	Marionette	INFO	Listening on port 51765
1504021474907	Marionette	WARN	TLS certificate errors will be ignored for this session
[Child 6116] WARNING: pipe error: 109: file c:/builds/moz2_slave/m-esr52-w32-000000000000000000/build/src/ipc/chromium/src/chrome/common/ipc_channel_win.cc, line 345
[Child 6116] WARNING: pipe error: 109: file c:/builds/moz2_slave/m-esr52-w32-000000000000000000/build/src/ipc/chromium/src/chrome/common/ipc_channel_win.cc, line 345
1504021722643	geckodriver	INFO	geckodriver 0.18.0
1504021722653	geckodriver	INFO	Listening on 127.0.0.1:51790
1504021723171	geckodriver::marionette	INFO	Starting browser C:\Program Files (x86)\Mozilla Firefox\firefox.exe with args ["-marionette"]
1504021724650	Marionette	INFO	Listening on port 51794
1504021724853	Marionette	WARN	TLS certificate errors will be ignored for this session
[Child 6016] WARNING: pipe error: 109: file c:/builds/moz2_slave/m-esr52-w32-000000000000000000/build/src/ipc/chromium/src/chrome/common/ipc_channel_win.cc, line 345
1504022659067	geckodriver	INFO	geckodriver 0.18.0
1504022659077	geckodriver	INFO	Listening on 127.0.0.1:52163
1504022659603	geckodriver::marionette	INFO	Starting browser C:\Program Files (x86)\Mozilla Firefox\firefox.exe with args ["-marionette"]
1504022661245	Marionette	INFO	Listening on port 52167
1504022661837	Marionette	WARN	TLS certificate errors will be ignored for this session
[Child 776] ###!!! ABORT: Aborting on channel error.: file c:/builds/moz2_slave/m-esr52-w32-000000000000000000/build/src/ipc/glue/MessageChannel.cpp, line 2152
1505235055138	geckodriver	INFO	geckodriver 0.18.0
1505235055148	geckodriver	INFO	Listening on 127.0.0.1:52644
1505235055505	geckodriver::marionette	INFO	Starting browser C:\Program Files (x86)\Mozilla Firefox\firefox.exe with args ["-marionette"]
1505235057177	Marionette	INFO	Listening on port 52648
1505235057702	Marionette	WARN	TLS certificate errors will be ignored for this session
1505235089260	geckodriver	INFO	geckodriver 0.18.0
1505235089270	geckodriver	INFO	Listening on 127.0.0.1:52688
1505235089780	geckodriver::marionette	INFO	Starting browser C:\Program Files (x86)\Mozilla Firefox\firefox.exe with args ["-marionette"]
1505235091220	Marionette	INFO	Listening on port 52692
1505235091432	Marionette	WARN	TLS certificate errors will be ignored for this session
1505235148977	geckodriver	INFO	geckodriver 0.18.0
1505235148986	geckodriver	INFO	Listening on 127.0.0.1:52760
1505235149511	geckodriver::marionette	INFO	Starting browser C:\Program Files (x86)\Mozilla Firefox\firefox.exe with args ["-marionette"]
1505235150992	Marionette	INFO	Listening on port 52764
1505235151200	Marionette	WARN	TLS certificate errors will be ignored for this session
1505235195047	geckodriver	INFO	geckodriver 0.18.0
1505235195056	geckodriver	INFO	Listening on 127.0.0.1:52835
1505235195569	geckodriver::marionette	INFO	Starting browser C:\Program Files (x86)\Mozilla Firefox\firefox.exe with args ["-marionette"]
1505235197042	Marionette	INFO	Listening on port 52839
1505235197246	Marionette	WARN	TLS certificate errors will be ignored for this session
[Child 1748] WARNING: pipe error: 109: file c:/builds/moz2_slave/m-esr52-w32-000000000000000000/build/src/ipc/chromium/src/chrome/common/ipc_channel_win.cc, line 345
[Child 1748] WARNING: pipe error: 109: file c:/builds/moz2_slave/m-esr52-w32-000000000000000000/build/src/ipc/chromium/src/chrome/common/ipc_channel_win.cc, line 345
1505235250225	geckodriver	INFO	geckodriver 0.18.0
1505235250235	geckodriver	INFO	Listening on 127.0.0.1:52907
1505235250763	geckodriver::marionette	INFO	Starting browser C:\Program Files (x86)\Mozilla Firefox\firefox.exe with args ["-marionette"]
1505235252202	Marionette	INFO	Listening on port 52911
1505235252410	Marionette	WARN	TLS certificate errors will be ignored for this session
[Child 5528] WARNING: pipe error: 109: file c:/builds/moz2_slave/m-esr52-w32-000000000000000000/build/src/ipc/chromium/src/chrome/common/ipc_channel_win.cc, line 345
1505235307196	geckodriver	INFO	geckodriver 0.18.0
1505235307205	geckodriver	INFO	Listening on 127.0.0.1:52980
1505235307747	geckodriver::marionette	INFO	Starting browser C:\Program Files (x86)\Mozilla Firefox\firefox.exe with args ["-marionette"]
1505235309197	Marionette	INFO	Listening on port 52984
1505235309497	Marionette	WARN	TLS certificate errors will be ignored for this session
[Child 4940] ###!!! ABORT: Aborting on channel error.: file c:/builds/moz2_slave/m-esr52-w32-000000000000000000/build/src/ipc/glue/MessageChannel.cpp, line 2152
1505235501024	geckodriver	INFO	geckodriver 0.18.0
1505235501033	geckodriver	INFO	Listening on 127.0.0.1:53055
1505235501544	geckodriver::marionette	INFO	Starting browser C:\Program Files (x86)\Mozilla Firefox\firefox.exe with args ["-marionette"]
1505235502946	Marionette	INFO	Listening on port 53059
1505235503270	Marionette	WARN	TLS certificate errors will be ignored for this session
[Child 3228] ###!!! ABORT: Aborting on channel error.: file c:/builds/moz2_slave/m-esr52-w32-000000000000000000/build/src/ipc/glue/MessageChannel.cpp, line 2152
1505235547465	geckodriver	INFO	geckodriver 0.18.0
1505235547475	geckodriver	INFO	Listening on 127.0.0.1:53130
1505235547950	geckodriver::marionette	INFO	Starting browser C:\Program Files (x86)\Mozilla Firefox\firefox.exe with args ["-marionette"]
1505235549385	Marionette	INFO	Listening on port 53134
1505235549684	Marionette	WARN	TLS certificate errors will be ignored for this session
[Child 3944] WARNING: pipe error: 232: file c:/builds/moz2_slave/m-esr52-w32-000000000000000000/build/src/ipc/chromium/src/chrome/common/ipc_channel_win.cc, line 512
[Child 3944] ###!!! ABORT: Aborting on channel error.: file c:/builds/moz2_slave/m-esr52-w32-000000000000000000/build/src/ipc/glue/MessageChannel.cpp, line 2152
1505392305280	geckodriver	INFO	geckodriver 0.18.0
1505392305291	geckodriver	INFO	Listening on 127.0.0.1:50142
1505392305896	geckodriver::marionette	INFO	Starting browser C:\Program Files (x86)\Mozilla Firefox\firefox.exe with args ["-marionette"]
1505392307514	Marionette	INFO	Listening on port 50146
1505392307820	Marionette	WARN	TLS certificate errors will be ignored for this session
1505392497760	geckodriver	INFO	geckodriver 0.18.0
1505392497770	geckodriver	INFO	Listening on 127.0.0.1:50185
1505392498292	geckodriver::marionette	INFO	Starting browser C:\Program Files (x86)\Mozilla Firefox\firefox.exe with args ["-marionette"]
1505392499809	Marionette	INFO	Listening on port 50189
1505392500010	Marionette	WARN	TLS certificate errors will be ignored for this session
[Child 6040] WARNING: pipe error: 109: file c:/builds/moz2_slave/m-esr52-w32-000000000000000000/build/src/ipc/chromium/src/chrome/common/ipc_channel_win.cc, line 345
1505392543835	geckodriver	INFO	geckodriver 0.18.0
1505392543844	geckodriver	INFO	Listening on 127.0.0.1:50254
1505392544365	geckodriver::marionette	INFO	Starting browser C:\Program Files (x86)\Mozilla Firefox\firefox.exe with args ["-marionette"]
1505392545800	Marionette	INFO	Listening on port 50258
1505392546097	Marionette	WARN	TLS certificate errors will be ignored for this session
[Child 5336] ###!!! ABORT: Aborting on channel error.: file c:/builds/moz2_slave/m-esr52-w32-000000000000000000/build/src/ipc/glue/MessageChannel.cpp, line 2152
1505405235433	geckodriver	INFO	geckodriver 0.18.0
1505405235443	geckodriver	INFO	Listening on 127.0.0.1:52953
1505405236000	geckodriver::marionette	INFO	Starting browser C:\Program Files (x86)\Mozilla Firefox\firefox.exe with args ["-marionette"]
1505405237448	Marionette	INFO	Listening on port 52957
1505405237650	Marionette	WARN	TLS certificate errors will be ignored for this session
1507900492642	geckodriver	INFO	geckodriver 0.18.0
1507900492665	geckodriver	INFO	Listening on 127.0.0.1:52080
1507900493307	geckodriver::marionette	INFO	Starting browser C:\Program Files (x86)\Mozilla Firefox\firefox.exe with args ["-marionette"]
1507900495720	Marionette	INFO	Listening on port 52084
1507900496052	Marionette	WARN	TLS certificate errors will be ignored for this session
1507900793943	geckodriver	INFO	geckodriver 0.18.0
1507900793954	geckodriver	INFO	Listening on 127.0.0.1:52204
1507900794683	geckodriver::marionette	INFO	Starting browser C:\Program Files (x86)\Mozilla Firefox\firefox.exe with args ["-marionette"]
1507900796689	Marionette	INFO	Listening on port 52208
1507900796914	Marionette	WARN	TLS certificate errors will be ignored for this session
1507901020441	geckodriver	INFO	geckodriver 0.18.0
1507901020453	geckodriver	INFO	Listening on 127.0.0.1:52282
1507901021102	geckodriver::marionette	INFO	Starting browser C:\Program Files (x86)\Mozilla Firefox\firefox.exe with args ["-marionette"]
1507901022892	Marionette	INFO	Listening on port 52286
1507901023276	Marionette	WARN	TLS certificate errors will be ignored for this session
[Child 5612] ###!!! ABORT: Aborting on channel error.: file c:/builds/moz2_slave/m-esr52-w32-000000000000000000/build/src/ipc/glue/MessageChannel.cpp, line 2152
1507901210315	geckodriver	INFO	geckodriver 0.18.0
1507901210327	geckodriver	INFO	Listening on 127.0.0.1:52360
1507901211063	geckodriver::marionette	INFO	Starting browser C:\Program Files (x86)\Mozilla Firefox\firefox.exe with args ["-marionette"]
1507901212545	Marionette	INFO	Listening on port 52364
1507901212826	Marionette	WARN	TLS certificate errors will be ignored for this session
1507901819069	geckodriver	INFO	geckodriver 0.18.0
1507901819079	geckodriver	INFO	Listening on 127.0.0.1:52439
1507901819787	geckodriver::marionette	INFO	Starting browser C:\Program Files (x86)\Mozilla Firefox\firefox.exe with args ["-marionette"]
1507901821239	Marionette	INFO	Listening on port 52443
1507901821547	Marionette	WARN	TLS certificate errors will be ignored for this session
[Child 3472] ###!!! ABORT: Aborting on channel error.: file c:/builds/moz2_slave/m-esr52-w32-000000000000000000/build/src/ipc/glue/MessageChannel.cpp, line 2152
1507901850385	geckodriver	INFO	geckodriver 0.18.0
1507901850395	geckodriver	INFO	Listening on 127.0.0.1:52509
1507901851233	geckodriver::marionette	INFO	Starting browser C:\Program Files (x86)\Mozilla Firefox\firefox.exe with args ["-marionette"]
1507901852597	Marionette	INFO	Listening on port 52513
1507901852902	Marionette	WARN	TLS certificate errors will be ignored for this session
[Child 5328] ###!!! ABORT: Aborting on channel error.: file c:/builds/moz2_slave/m-esr52-w32-000000000000000000/build/src/ipc/glue/MessageChannel.cpp, line 2152
1507902112914	geckodriver	INFO	geckodriver 0.18.0
1507902112923	geckodriver	INFO	Listening on 127.0.0.1:52590
1507902113602	geckodriver::marionette	INFO	Starting browser C:\Program Files (x86)\Mozilla Firefox\firefox.exe with args ["-marionette"]
1507902114951	Marionette	INFO	Listening on port 52594
1507902115252	Marionette	WARN	TLS certificate errors will be ignored for this session
[Child 5584] ###!!! ABORT: Aborting on channel error.: file c:/builds/moz2_slave/m-esr52-w32-000000000000000000/build/src/ipc/glue/MessageChannel.cpp, line 2152
